<?xml version="1.0" encoding="UTF-8"?>
<coverage generated="1610726149748" clover="3.2.0">
  <project timestamp="1610726149748" name="All files">
    <metrics statements="11" coveredstatements="8" conditionals="0" coveredconditionals="0" methods="11" coveredmethods="8" elements="22" coveredelements="16" complexity="0" loc="11" ncloc="11" packages="1" files="4" classes="4"/>
    <file name="arrays.js" path="C:\Users\usuario\Desktop\node-js\jest-testing\src\arrays.js">
      <metrics statements="2" coveredstatements="2" conditionals="0" coveredconditionals="0" methods="2" coveredmethods="2"/>
      <line num="2" count="3" type="stmt"/>
      <line num="5" count="1" type="stmt"/>
    </file>
    <file name="index.js" path="C:\Users\usuario\Desktop\node-js\jest-testing\src\index.js">
      <metrics statements="4" coveredstatements="1" conditionals="0" coveredconditionals="0" methods="4" coveredmethods="1"/>
      <line num="2" count="1" type="stmt"/>
      <line num="5" count="0" type="stmt"/>
      <line num="8" count="0" type="stmt"/>
      <line num="11" count="0" type="stmt"/>
    </file>
    <file name="numbers.js" path="C:\Users\usuario\Desktop\node-js\jest-testing\src\numbers.js">
      <metrics statements="1" coveredstatements="1" conditionals="0" coveredconditionals="0" methods="1" coveredmethods="1"/>
      <line num="2" count="5" type="stmt"/>
    </file>
    <file name="truthness.js" path="C:\Users\usuario\Desktop\node-js\jest-testing\src\truthness.js">
      <metrics statements="4" coveredstatements="4" conditionals="0" coveredconditionals="0" methods="4" coveredmethods="4"/>
      <line num="2" count="1" type="stmt"/>
      <line num="6" count="1" type="stmt"/>
      <line num="9" count="1" type="stmt"/>
      <line num="12" count="1" type="stmt"/>
    </file>
  </project>
</coverage>
