TN:
SF:src\arrays.js
FN:1,arrayFruits
FN:4,arrayColors
FNF:2
FNH:2
FNDA:3,arrayFruits
FNDA:1,arrayColors
DA:2,3
DA:5,1
LF:2
LH:2
BRF:0
BRH:0
end_of_record
TN:
SF:src\index.js
FN:1,sum
FN:4,subs
FN:7,div
FN:10,prod
FNF:4
FNH:1
FNDA:1,sum
FNDA:0,subs
FNDA:0,div
FNDA:0,prod
DA:2,1
DA:5,0
DA:8,0
DA:11,0
LF:4
LH:1
BRF:0
BRH:0
end_of_record
TN:
SF:src\numbers.js
FN:1,numbers
FNF:1
FNH:1
FNDA:5,numbers
DA:2,5
LF:1
LH:1
BRF:0
BRH:0
end_of_record
TN:
SF:src\truthness.js
FN:1,isNull
FN:5,isTrue
FN:8,isFalse
FN:11,isUndefined
FNF:4
FNH:4
FNDA:1,isNull
FNDA:1,isTrue
FNDA:1,isFalse
FNDA:1,isUndefined
DA:2,1
DA:6,1
DA:9,1
DA:12,1
LF:4
LH:4
BRF:0
BRH:0
end_of_record
